This file contains any messages produced by compilers while
running configure, to aid debugging if configure makes a mistake.

It was created by configure, which was
generated by GNU Autoconf 2.68.  Invocation command line was

  $ ./configure 

## --------- ##
## Platform. ##
## --------- ##

hostname = CIAC011123-O1
uname -m = i686
uname -r = 1.7.18(0.263/5/3)
uname -s = CYGWIN_NT-5.1
uname -v = 2013-04-19 10:39

/usr/bin/uname -p = unknown
/bin/uname -X     = unknown

/bin/arch              = i686
/usr/bin/arch -k       = unknown
/usr/convex/getsysinfo = unknown
/usr/bin/hostinfo      = unknown
/bin/machine           = unknown
/usr/bin/oslevel       = unknown
/bin/universe          = unknown

PATH: /usr/local/bin
PATH: /usr/bin
PATH: /cygdrive/d/software/ImageMagick-6.8.6-Q8
PATH: /cygdrive/c/Program Files/Intel/iCLS Client
PATH: /cygdrive/c/WINDOWS/system32
PATH: /cygdrive/c/WINDOWS
PATH: /cygdrive/c/WINDOWS/System32/Wbem
PATH: /cygdrive/c/Program Files/Intel/Intel(R) Management Engine Components/DAL
PATH: /cygdrive/c/Program Files/Intel/Intel(R) Management Engine Components/IPT
PATH: /cygdrive/c/Program Files/TortoiseSVN/bin
PATH: /cygdrive/c/WINDOWS/system32/WindowsPowerShell/v1.0
PATH: /cygdrive/c/Program Files/Microsoft SQL Server/100/Tools/Binn
PATH: /cygdrive/c/Program Files/Microsoft SQL Server/100/DTS/Binn
PATH: /cygdrive/d/software/ghc-7.6.3/bin
PATH: /cygdrive/d/software/emacs-24.3/bin
PATH: /cygdrive/d/安装文件/php-5.4.15-nts-Win32-VC9-x86
PATH: /cygdrive/c/Program Files/ARM/Mali Developer Tools/OpenGL ES Emulator v1.3.0/bin
PATH: /cygdrive/c/Program Files/ARM/Mali Developer Tools/Mali Offline Shader Compiler v4.0.0/bin
PATH: /usr/lib/lapack
PATH: /usr/openwin/bin


## ----------- ##
## Core tests. ##
## ----------- ##

configure:2282: checking for a BSD-compatible install
configure:2350: result: /usr/bin/install -c
configure:2361: checking whether build environment is sane
configure:2411: result: yes
configure:2552: checking for a thread-safe mkdir -p
configure:2591: result: /usr/bin/mkdir -p
configure:2604: checking for gawk
configure:2620: found /usr/bin/gawk
configure:2631: result: gawk
configure:2642: checking whether make sets $(MAKE)
configure:2664: result: yes
configure:2802: checking for gcc
configure:2818: found /usr/bin/gcc
configure:2829: result: gcc
configure:3058: checking for C compiler version
configure:3067: gcc --version >&5
gcc (GCC) 4.5.3
Copyright (C) 2010 Free Software Foundation, Inc.
This is free software; see the source for copying conditions.  There is NO
warranty; not even for MERCHANTABILITY or FITNESS FOR A PARTICULAR PURPOSE.

configure:3078: $? = 0
configure:3067: gcc -v >&5
Using built-in specs.
COLLECT_GCC=gcc
COLLECT_LTO_WRAPPER=/usr/lib/gcc/i686-pc-cygwin/4.5.3/lto-wrapper.exe
Target: i686-pc-cygwin
Configured with: /gnu/gcc/releases/respins/4.5.3-3/gcc4-4.5.3-3/src/gcc-4.5.3/configure --srcdir=/gnu/gcc/releases/respins/4.5.3-3/gcc4-4.5.3-3/src/gcc-4.5.3 --prefix=/usr --exec-prefix=/usr --bindir=/usr/bin --sbindir=/usr/sbin --libexecdir=/usr/lib --datadir=/usr/share --localstatedir=/var --sysconfdir=/etc --datarootdir=/usr/share --docdir=/usr/share/doc/gcc4 -C --datadir=/usr/share --infodir=/usr/share/info --mandir=/usr/share/man -v --with-gmp=/usr --with-mpfr=/usr --enable-bootstrap --enable-version-specific-runtime-libs --libexecdir=/usr/lib --enable-static --enable-shared --enable-shared-libgcc --disable-__cxa_atexit --with-gnu-ld --with-gnu-as --with-dwarf2 --disable-sjlj-exceptions --enable-languages=ada,c,c++,fortran,java,lto,objc,obj-c++ --enable-graphite --enable-lto --enable-java-awt=gtk --disable-symvers --enable-libjava --program-suffix=-4 --enable-libgomp --enable-libssp --enable-libada --enable-threads=posix --with-arch=i686 --with-tune=generic --enable-libgcj-sublibs CC=gcc-4 CXX=g++-4 CC_FOR_TARGET=gcc-4 CXX_FOR_TARGET=g++-4 GNATMAKE_FOR_TARGET=gnatmake GNATBIND_FOR_TARGET=gnatbind --with-ecj-jar=/usr/share/java/ecj.jar
Thread model: posix
gcc version 4.5.3 (GCC) 
configure:3078: $? = 0
configure:3067: gcc -V >&5
gcc: '-V' option must have argument
configure:3078: $? = 1
configure:3067: gcc -qversion >&5
gcc: unrecognized option '-qversion'
gcc: no input files
configure:3078: $? = 1
configure:3098: checking whether the C compiler works
configure:3120: gcc -O4 -Wall    conftest.c  >&5
configure:3124: $? = 0
configure:3172: result: yes
configure:3175: checking for C compiler default output file name
configure:3177: result: a.exe
configure:3183: checking for suffix of executables
configure:3190: gcc -o conftest.exe -O4 -Wall    conftest.c  >&5
configure:3194: $? = 0
configure:3216: result: .exe
configure:3238: checking whether we are cross compiling
configure:3246: gcc -o conftest.exe -O4 -Wall    conftest.c  >&5
configure:3250: $? = 0
configure:3257: ./conftest.exe
configure:3261: $? = 0
configure:3276: result: no
configure:3281: checking for suffix of object files
configure:3303: gcc -c -O4 -Wall   conftest.c >&5
configure:3307: $? = 0
configure:3328: result: o
configure:3332: checking whether we are using the GNU C compiler
configure:3351: gcc -c -O4 -Wall   conftest.c >&5
configure:3351: $? = 0
configure:3360: result: yes
configure:3369: checking whether gcc accepts -g
configure:3389: gcc -c -g  conftest.c >&5
configure:3389: $? = 0
configure:3430: result: yes
configure:3447: checking for gcc option to accept ISO C89
configure:3511: gcc  -c -O4 -Wall   conftest.c >&5
configure:3511: $? = 0
configure:3524: result: none needed
configure:3555: checking for style of include used by make
configure:3583: result: GNU
configure:3608: checking dependency style of gcc
configure:3718: result: gcc3
configure:3735: checking if C++ API is enabled
configure:3742: result: 
configure:3803: checking for g++
configure:3819: found /usr/bin/g++
configure:3830: result: g++
configure:3857: checking for C++ compiler version
configure:3866: g++ --version >&5
g++ (GCC) 4.5.3
Copyright (C) 2010 Free Software Foundation, Inc.
This is free software; see the source for copying conditions.  There is NO
warranty; not even for MERCHANTABILITY or FITNESS FOR A PARTICULAR PURPOSE.

configure:3877: $? = 0
configure:3866: g++ -v >&5
Using built-in specs.
COLLECT_GCC=g++
COLLECT_LTO_WRAPPER=/usr/lib/gcc/i686-pc-cygwin/4.5.3/lto-wrapper.exe
Target: i686-pc-cygwin
Configured with: /gnu/gcc/releases/respins/4.5.3-3/gcc4-4.5.3-3/src/gcc-4.5.3/configure --srcdir=/gnu/gcc/releases/respins/4.5.3-3/gcc4-4.5.3-3/src/gcc-4.5.3 --prefix=/usr --exec-prefix=/usr --bindir=/usr/bin --sbindir=/usr/sbin --libexecdir=/usr/lib --datadir=/usr/share --localstatedir=/var --sysconfdir=/etc --datarootdir=/usr/share --docdir=/usr/share/doc/gcc4 -C --datadir=/usr/share --infodir=/usr/share/info --mandir=/usr/share/man -v --with-gmp=/usr --with-mpfr=/usr --enable-bootstrap --enable-version-specific-runtime-libs --libexecdir=/usr/lib --enable-static --enable-shared --enable-shared-libgcc --disable-__cxa_atexit --with-gnu-ld --with-gnu-as --with-dwarf2 --disable-sjlj-exceptions --enable-languages=ada,c,c++,fortran,java,lto,objc,obj-c++ --enable-graphite --enable-lto --enable-java-awt=gtk --disable-symvers --enable-libjava --program-suffix=-4 --enable-libgomp --enable-libssp --enable-libada --enable-threads=posix --with-arch=i686 --with-tune=generic --enable-libgcj-sublibs CC=gcc-4 CXX=g++-4 CC_FOR_TARGET=gcc-4 CXX_FOR_TARGET=g++-4 GNATMAKE_FOR_TARGET=gnatmake GNATBIND_FOR_TARGET=gnatbind --with-ecj-jar=/usr/share/java/ecj.jar
Thread model: posix
gcc version 4.5.3 (GCC) 
configure:3877: $? = 0
configure:3866: g++ -V >&5
g++: '-V' option must have argument
configure:3877: $? = 1
configure:3866: g++ -qversion >&5
g++: unrecognized option '-qversion'
g++: no input files
configure:3877: $? = 1
configure:3881: checking whether we are using the GNU C++ compiler
configure:3900: g++ -c -O4 -Wall   conftest.cpp >&5
configure:3900: $? = 0
configure:3909: result: yes
configure:3918: checking whether g++ accepts -g
configure:3938: g++ -c -g  conftest.cpp >&5
configure:3938: $? = 0
configure:3979: result: yes
configure:4004: checking dependency style of g++
configure:4114: result: gcc3
configure:4130: checking whether gcc and cc understand -c and -o together
configure:4161: gcc -c conftest.c -o conftest2.o >&5
configure:4165: $? = 0
configure:4171: gcc -c conftest.c -o conftest2.o >&5
configure:4175: $? = 0
configure:4186: cc -c conftest.c >&5
configure:4190: $? = 0
configure:4198: cc -c conftest.c -o conftest2.o >&5
configure:4202: $? = 0
configure:4208: cc -c conftest.c -o conftest2.o >&5
configure:4212: $? = 0
configure:4230: result: yes
configure:4295: checking build system type
configure:4309: result: i686-pc-cygwin
configure:4329: checking host system type
configure:4342: result: i686-pc-cygwin
configure:4383: checking how to print strings
configure:4410: result: printf
configure:4431: checking for a sed that does not truncate output
configure:4495: result: /usr/bin/sed
configure:4513: checking for grep that handles long lines and -e
configure:4571: result: /usr/bin/grep
configure:4576: checking for egrep
configure:4638: result: /usr/bin/grep -E
configure:4643: checking for fgrep
configure:4705: result: /usr/bin/grep -F
configure:4740: checking for ld used by gcc
configure:4807: result: /usr/i686-pc-cygwin/bin/ld.exe
configure:4814: checking if the linker (/usr/i686-pc-cygwin/bin/ld.exe) is GNU ld
configure:4829: result: yes
configure:4841: checking for BSD- or MS-compatible name lister (nm)
configure:4890: result: /usr/bin/nm -B
configure:5020: checking the name lister (/usr/bin/nm -B) interface
configure:5027: gcc -c -O4 -Wall   conftest.c >&5
configure:5030: /usr/bin/nm -B "conftest.o"
configure:5033: output
00000000 b .bss
00000000 d .data
00000000 t .text
00000000 B _some_variable
configure:5040: result: BSD nm
configure:5043: checking whether ln -s works
configure:5047: result: yes
configure:5055: checking the maximum length of command line arguments
configure:5180: result: 8192
configure:5197: checking whether the shell understands some XSI constructs
configure:5207: result: yes
configure:5211: checking whether the shell understands "+="
configure:5217: result: yes
configure:5252: checking how to convert i686-pc-cygwin file names to i686-pc-cygwin format
configure:5292: result: func_convert_file_noop
configure:5299: checking how to convert i686-pc-cygwin file names to toolchain format
configure:5319: result: func_convert_file_noop
configure:5326: checking for /usr/i686-pc-cygwin/bin/ld.exe option to reload object files
configure:5333: result: -r
configure:5407: checking for objdump
configure:5423: found /usr/bin/objdump
configure:5434: result: objdump
configure:5466: checking how to recognize dependent libraries
configure:5668: result: file_magic ^x86 archive import|^x86 DLL
configure:5753: checking for dlltool
configure:5769: found /usr/bin/dlltool
configure:5780: result: dlltool
configure:5813: checking how to associate runtime and link libraries
configure:5840: result: func_cygming_dll_for_implib
configure:5901: checking for ar
configure:5917: found /usr/bin/ar
configure:5928: result: ar
configure:5965: checking for archiver @FILE support
configure:5982: gcc -c -O4 -Wall   conftest.c >&5
configure:5982: $? = 0
configure:5985: ar cru libconftest.a @conftest.lst >&5
configure:5988: $? = 0
configure:5993: ar cru libconftest.a @conftest.lst >&5
ar: conftest.o: No such file or directory
configure:5996: $? = 1
configure:6008: result: @
configure:6066: checking for strip
configure:6082: found /usr/bin/strip
configure:6093: result: strip
configure:6165: checking for ranlib
configure:6181: found /usr/bin/ranlib
configure:6192: result: ranlib
configure:6294: checking command to parse /usr/bin/nm -B output from gcc object
configure:6413: gcc -c -O4 -Wall   conftest.c >&5
configure:6416: $? = 0
configure:6420: /usr/bin/nm -B conftest.o \| sed -n -e 's/^.*[ ]\([ABCDGIRSTW][ABCDGIRSTW]*\)[ ][ ]*\([_A-Za-z][_A-Za-z0-9]*\)$/\1 \2 \2/p' | sed '/ __gnu_lto/d' \> conftest.nm
configure:6423: $? = 0
cannot find nm_test_var in conftest.nm
configure:6413: gcc -c -O4 -Wall   conftest.c >&5
configure:6416: $? = 0
configure:6420: /usr/bin/nm -B conftest.o \| sed -n -e 's/^.*[ ]\([ABCDGIRSTW][ABCDGIRSTW]*\)[ ][ ]*_\([_A-Za-z][_A-Za-z0-9]*\)$/\1 _\2 \2/p' | sed '/ __gnu_lto/d' \> conftest.nm
configure:6423: $? = 0
configure:6489: gcc -o conftest.exe -O4 -Wall    conftest.c conftstm.o >&5
configure:6492: $? = 0
configure:6530: result: ok
configure:6567: checking for sysroot
configure:6597: result: no
configure:6840: checking for mt
configure:6856: found /usr/bin/mt
configure:6867: result: mt
configure:6890: checking if mt is a manifest tool
configure:6896: mt '-?'
mt: unknown option -- ?
usage: mt [-V] [-f device] operation [count]
configure:6904: result: no
configure:7536: checking how to run the C preprocessor
configure:7567: gcc -E  conftest.c
configure:7567: $? = 0
configure:7581: gcc -E  conftest.c
conftest.c:11:28: fatal error: ac_nonexistent.h: No such file or directory
compilation terminated.
configure:7581: $? = 1
configure: failed program was:
| /* confdefs.h */
| #define PACKAGE_NAME ""
| #define PACKAGE_TARNAME ""
| #define PACKAGE_VERSION ""
| #define PACKAGE_STRING ""
| #define PACKAGE_BUGREPORT ""
| #define PACKAGE_URL ""
| #define PACKAGE "msgpack"
| #define VERSION "0.5.5"
| /* end confdefs.h.  */
| #include <ac_nonexistent.h>
configure:7606: result: gcc -E
configure:7626: gcc -E  conftest.c
configure:7626: $? = 0
configure:7640: gcc -E  conftest.c
conftest.c:11:28: fatal error: ac_nonexistent.h: No such file or directory
compilation terminated.
configure:7640: $? = 1
configure: failed program was:
| /* confdefs.h */
| #define PACKAGE_NAME ""
| #define PACKAGE_TARNAME ""
| #define PACKAGE_VERSION ""
| #define PACKAGE_STRING ""
| #define PACKAGE_BUGREPORT ""
| #define PACKAGE_URL ""
| #define PACKAGE "msgpack"
| #define VERSION "0.5.5"
| /* end confdefs.h.  */
| #include <ac_nonexistent.h>
configure:7669: checking for ANSI C header files
configure:7689: gcc -c -O4 -Wall   conftest.c >&5
configure:7689: $? = 0
configure:7762: gcc -o conftest.exe -O4 -Wall    conftest.c  >&5
configure:7762: $? = 0
configure:7762: ./conftest.exe
configure:7762: $? = 0
configure:7773: result: yes
configure:7786: checking for sys/types.h
configure:7786: gcc -c -O4 -Wall   conftest.c >&5
configure:7786: $? = 0
configure:7786: result: yes
configure:7786: checking for sys/stat.h
configure:7786: gcc -c -O4 -Wall   conftest.c >&5
configure:7786: $? = 0
configure:7786: result: yes
configure:7786: checking for stdlib.h
configure:7786: gcc -c -O4 -Wall   conftest.c >&5
configure:7786: $? = 0
configure:7786: result: yes
configure:7786: checking for string.h
configure:7786: gcc -c -O4 -Wall   conftest.c >&5
configure:7786: $? = 0
configure:7786: result: yes
configure:7786: checking for memory.h
configure:7786: gcc -c -O4 -Wall   conftest.c >&5
configure:7786: $? = 0
configure:7786: result: yes
configure:7786: checking for strings.h
configure:7786: gcc -c -O4 -Wall   conftest.c >&5
configure:7786: $? = 0
configure:7786: result: yes
configure:7786: checking for inttypes.h
configure:7786: gcc -c -O4 -Wall   conftest.c >&5
configure:7786: $? = 0
configure:7786: result: yes
configure:7786: checking for stdint.h
configure:7786: gcc -c -O4 -Wall   conftest.c >&5
configure:7786: $? = 0
configure:7786: result: yes
configure:7786: checking for unistd.h
configure:7786: gcc -c -O4 -Wall   conftest.c >&5
configure:7786: $? = 0
configure:7786: result: yes
configure:7800: checking for dlfcn.h
configure:7800: gcc -c -O4 -Wall   conftest.c >&5
configure:7800: $? = 0
configure:7800: result: yes
configure:7998: checking for objdir
configure:8013: result: .libs
configure:8280: checking if gcc supports -fno-rtti -fno-exceptions
configure:8298: gcc -c -O4 -Wall   -fno-rtti -fno-exceptions conftest.c >&5
cc1: warning: command line option "-fno-rtti" is valid for C++/ObjC++ but not for C
configure:8302: $? = 0
configure:8315: result: no
configure:8625: checking for gcc option to produce PIC
configure:8632: result: -DDLL_EXPORT -DPIC
configure:8640: checking if gcc PIC flag -DDLL_EXPORT -DPIC works
configure:8658: gcc -c -O4 -Wall   -DDLL_EXPORT -DPIC -DPIC conftest.c >&5
configure:8662: $? = 0
configure:8675: result: yes
configure:8704: checking if gcc static flag -static works
configure:8732: result: yes
configure:8747: checking if gcc supports -c -o file.o
configure:8768: gcc -c -O4 -Wall   -o out/conftest2.o conftest.c >&5
configure:8772: $? = 0
configure:8794: result: yes
configure:8802: checking if gcc supports -c -o file.o
configure:8849: result: yes
configure:8882: checking whether the gcc linker (/usr/i686-pc-cygwin/bin/ld.exe) supports shared libraries
configure:10040: result: yes
configure:10077: checking whether -lc should be explicitly linked in
configure:10085: gcc -c -O4 -Wall   conftest.c >&5
configure:10088: $? = 0
configure:10103: gcc -shared conftest.o  -v -o ./conftest -Wl,--enable-auto-image-base -Xlinker --out-implib -Xlinker conftest 2\>\&1 \| /usr/bin/grep  -lc  \>/dev/null 2\>\&1
configure:10106: $? = 1
configure:10120: result: yes
configure:10285: checking dynamic linker characteristics
configure:11021: result: Win32 ld.exe
configure:11128: checking how to hardcode library paths into programs
configure:11153: result: immediate
configure:11693: checking whether stripping libraries is possible
configure:11698: result: yes
configure:11733: checking if libtool supports shared libraries
configure:11735: result: yes
configure:11738: checking whether to build shared libraries
configure:11759: result: yes
configure:11762: checking whether to build static libraries
configure:11766: result: yes
configure:11789: checking how to run the C++ preprocessor
configure:11816: g++ -E  conftest.cpp
configure:11816: $? = 0
configure:11830: g++ -E  conftest.cpp
conftest.cpp:23:28: fatal error: ac_nonexistent.h: No such file or directory
compilation terminated.
configure:11830: $? = 1
configure: failed program was:
| /* confdefs.h */
| #define PACKAGE_NAME ""
| #define PACKAGE_TARNAME ""
| #define PACKAGE_VERSION ""
| #define PACKAGE_STRING ""
| #define PACKAGE_BUGREPORT ""
| #define PACKAGE_URL ""
| #define PACKAGE "msgpack"
| #define VERSION "0.5.5"
| #define STDC_HEADERS 1
| #define HAVE_SYS_TYPES_H 1
| #define HAVE_SYS_STAT_H 1
| #define HAVE_STDLIB_H 1
| #define HAVE_STRING_H 1
| #define HAVE_MEMORY_H 1
| #define HAVE_STRINGS_H 1
| #define HAVE_INTTYPES_H 1
| #define HAVE_STDINT_H 1
| #define HAVE_UNISTD_H 1
| #define HAVE_DLFCN_H 1
| #define LT_OBJDIR ".libs/"
| /* end confdefs.h.  */
| #include <ac_nonexistent.h>
configure:11855: result: g++ -E
configure:11875: g++ -E  conftest.cpp
configure:11875: $? = 0
configure:11889: g++ -E  conftest.cpp
conftest.cpp:23:28: fatal error: ac_nonexistent.h: No such file or directory
compilation terminated.
configure:11889: $? = 1
configure: failed program was:
| /* confdefs.h */
| #define PACKAGE_NAME ""
| #define PACKAGE_TARNAME ""
| #define PACKAGE_VERSION ""
| #define PACKAGE_STRING ""
| #define PACKAGE_BUGREPORT ""
| #define PACKAGE_URL ""
| #define PACKAGE "msgpack"
| #define VERSION "0.5.5"
| #define STDC_HEADERS 1
| #define HAVE_SYS_TYPES_H 1
| #define HAVE_SYS_STAT_H 1
| #define HAVE_STDLIB_H 1
| #define HAVE_STRING_H 1
| #define HAVE_MEMORY_H 1
| #define HAVE_STRINGS_H 1
| #define HAVE_INTTYPES_H 1
| #define HAVE_STDINT_H 1
| #define HAVE_UNISTD_H 1
| #define HAVE_DLFCN_H 1
| #define LT_OBJDIR ".libs/"
| /* end confdefs.h.  */
| #include <ac_nonexistent.h>
configure:12059: checking for ld used by g++
configure:12126: result: /usr/i686-pc-cygwin/bin/ld.exe
configure:12133: checking if the linker (/usr/i686-pc-cygwin/bin/ld.exe) is GNU ld
configure:12148: result: yes
configure:12203: checking whether the g++ linker (/usr/i686-pc-cygwin/bin/ld.exe) supports shared libraries
configure:13207: result: yes
configure:13242: g++ -c -O4 -Wall   conftest.cpp >&5
configure:13245: $? = 0
configure:13765: checking for g++ option to produce PIC
configure:13772: result: -DDLL_EXPORT -DPIC
configure:13780: checking if g++ PIC flag -DDLL_EXPORT -DPIC works
configure:13798: g++ -c -O4 -Wall   -DDLL_EXPORT -DPIC -DPIC conftest.cpp >&5
configure:13802: $? = 0
configure:13815: result: yes
configure:13838: checking if g++ static flag -static works
configure:13866: result: yes
configure:13878: checking if g++ supports -c -o file.o
configure:13899: g++ -c -O4 -Wall   -o out/conftest2.o conftest.cpp >&5
configure:13903: $? = 0
configure:13925: result: yes
configure:13930: checking if g++ supports -c -o file.o
configure:13977: result: yes
configure:14007: checking whether the g++ linker (/usr/i686-pc-cygwin/bin/ld.exe) supports shared libraries
configure:14041: result: yes
configure:14184: checking dynamic linker characteristics
configure:14854: result: Win32 ld.exe
configure:14907: checking how to hardcode library paths into programs
configure:14932: result: immediate
configure:15000: checking dependency style of gcc
configure:15108: result: gcc3
configure:15125: checking if debug option is enabled
configure:15132: result: 
configure:15143: checking for __sync_* atomic operations
configure:15163: gcc -o conftest.exe -O4 -Wall  -g   conftest.c  >&5
configure:15163: $? = 0
configure:15170: result: yes
configure:15337: creating ./config.status

## ---------------------- ##
## Running config.status. ##
## ---------------------- ##

This file was extended by config.status, which was
generated by GNU Autoconf 2.68.  Invocation command line was

  CONFIG_FILES    = 
  CONFIG_HEADERS  = 
  CONFIG_LINKS    = 
  CONFIG_COMMANDS = 
  $ ./config.status 

on CIAC011123-O1

config.status:1182: creating Makefile
config.status:1182: creating src/Makefile
config.status:1182: creating src/msgpack/version.h
config.status:1182: creating test/Makefile
config.status:1182: creating config.h
config.status:1411: executing depfiles commands
config.status:1411: executing libtool commands

## ---------------- ##
## Cache variables. ##
## ---------------- ##

ac_cv_build=i686-pc-cygwin
ac_cv_c_compiler_gnu=yes
ac_cv_cxx_compiler_gnu=yes
ac_cv_env_CCASFLAGS_set=
ac_cv_env_CCASFLAGS_value=
ac_cv_env_CCAS_set=
ac_cv_env_CCAS_value=
ac_cv_env_CCC_set=
ac_cv_env_CCC_value=
ac_cv_env_CC_set=
ac_cv_env_CC_value=
ac_cv_env_CFLAGS_set=
ac_cv_env_CFLAGS_value=
ac_cv_env_CPPFLAGS_set=
ac_cv_env_CPPFLAGS_value=
ac_cv_env_CPP_set=
ac_cv_env_CPP_value=
ac_cv_env_CXXCPP_set=
ac_cv_env_CXXCPP_value=
ac_cv_env_CXXFLAGS_set=
ac_cv_env_CXXFLAGS_value=
ac_cv_env_CXX_set=
ac_cv_env_CXX_value=
ac_cv_env_LDFLAGS_set=
ac_cv_env_LDFLAGS_value=
ac_cv_env_LIBS_set=
ac_cv_env_LIBS_value=
ac_cv_env_build_alias_set=
ac_cv_env_build_alias_value=
ac_cv_env_host_alias_set=
ac_cv_env_host_alias_value=
ac_cv_env_target_alias_set=
ac_cv_env_target_alias_value=
ac_cv_exeext=.exe
ac_cv_header_dlfcn_h=yes
ac_cv_header_inttypes_h=yes
ac_cv_header_memory_h=yes
ac_cv_header_stdc=yes
ac_cv_header_stdint_h=yes
ac_cv_header_stdlib_h=yes
ac_cv_header_string_h=yes
ac_cv_header_strings_h=yes
ac_cv_header_sys_stat_h=yes
ac_cv_header_sys_types_h=yes
ac_cv_header_unistd_h=yes
ac_cv_host=i686-pc-cygwin
ac_cv_objext=o
ac_cv_path_EGREP='/usr/bin/grep -E'
ac_cv_path_FGREP='/usr/bin/grep -F'
ac_cv_path_GREP=/usr/bin/grep
ac_cv_path_SED=/usr/bin/sed
ac_cv_path_install='/usr/bin/install -c'
ac_cv_path_mkdir=/usr/bin/mkdir
ac_cv_prog_AWK=gawk
ac_cv_prog_CPP='gcc -E'
ac_cv_prog_CXXCPP='g++ -E'
ac_cv_prog_ac_ct_AR=ar
ac_cv_prog_ac_ct_CC=gcc
ac_cv_prog_ac_ct_CXX=g++
ac_cv_prog_ac_ct_DLLTOOL=dlltool
ac_cv_prog_ac_ct_MANIFEST_TOOL=mt
ac_cv_prog_ac_ct_OBJDUMP=objdump
ac_cv_prog_ac_ct_RANLIB=ranlib
ac_cv_prog_ac_ct_STRIP=strip
ac_cv_prog_cc_c89=
ac_cv_prog_cc_g=yes
ac_cv_prog_cc_gcc_c_o=yes
ac_cv_prog_cxx_g=yes
ac_cv_prog_make_make_set=yes
am_cv_CCAS_dependencies_compiler_type=gcc3
am_cv_CC_dependencies_compiler_type=gcc3
am_cv_CXX_dependencies_compiler_type=gcc3
lt_cv_ar_at_file=@
lt_cv_archive_cmds_need_lc=yes
lt_cv_deplibs_check_method='file_magic ^x86 archive import|^x86 DLL'
lt_cv_file_magic_cmd=func_win32_libid
lt_cv_file_magic_test_file=
lt_cv_ld_reload_flag=-r
lt_cv_nm_interface='BSD nm'
lt_cv_objdir=.libs
lt_cv_path_LD=/usr/i686-pc-cygwin/bin/ld.exe
lt_cv_path_LDCXX=/usr/i686-pc-cygwin/bin/ld.exe
lt_cv_path_NM='/usr/bin/nm -B'
lt_cv_path_mainfest_tool=no
lt_cv_prog_compiler_c_o=yes
lt_cv_prog_compiler_c_o_CXX=yes
lt_cv_prog_compiler_pic='-DDLL_EXPORT -DPIC'
lt_cv_prog_compiler_pic_CXX='-DDLL_EXPORT -DPIC'
lt_cv_prog_compiler_pic_works=yes
lt_cv_prog_compiler_pic_works_CXX=yes
lt_cv_prog_compiler_rtti_exceptions=no
lt_cv_prog_compiler_static_works=yes
lt_cv_prog_compiler_static_works_CXX=yes
lt_cv_prog_gnu_ld=yes
lt_cv_prog_gnu_ldcxx=yes
lt_cv_sharedlib_from_linklib_cmd=func_cygming_dll_for_implib
lt_cv_sys_global_symbol_pipe='sed -n -e '\''s/^.*[	 ]\([ABCDGIRSTW][ABCDGIRSTW]*\)[	 ][	 ]*_\([_A-Za-z][_A-Za-z0-9]*\)$/\1 _\2 \2/p'\'' | sed '\''/ __gnu_lto/d'\'''
lt_cv_sys_global_symbol_to_c_name_address='sed -n -e '\''s/^: \([^ ]*\)[ ]*$/  {\"\1\", (void *) 0},/p'\'' -e '\''s/^[ABCDGIRSTW]* \([^ ]*\) \([^ ]*\)$/  {"\2", (void *) \&\2},/p'\'''
lt_cv_sys_global_symbol_to_c_name_address_lib_prefix='sed -n -e '\''s/^: \([^ ]*\)[ ]*$/  {\"\1\", (void *) 0},/p'\'' -e '\''s/^[ABCDGIRSTW]* \([^ ]*\) \(lib[^ ]*\)$/  {"\2", (void *) \&\2},/p'\'' -e '\''s/^[ABCDGIRSTW]* \([^ ]*\) \([^ ]*\)$/  {"lib\2", (void *) \&\2},/p'\'''
lt_cv_sys_global_symbol_to_cdecl='sed -n -e '\''s/^T .* \(.*\)$/extern int \1();/p'\'' -e '\''s/^[ABCDGIRSTW]* .* \(.*\)$/extern char \1;/p'\'''
lt_cv_sys_max_cmd_len=8192
lt_cv_to_host_file_cmd=func_convert_file_noop
lt_cv_to_tool_file_cmd=func_convert_file_noop
msgpack_cv_atomic_ops=yes

## ----------------- ##
## Output variables. ##
## ----------------- ##

ACLOCAL='${SHELL} /cygdrive/d/my/cocos2d-x-2.1.4/cocos2d-x-2.1.4/samples/Lua/HelloLua/msgpack-0.5.5/ac/missing --run aclocal-1.11'
AMDEPBACKSLASH='\'
AMDEP_FALSE='#'
AMDEP_TRUE=''
AMTAR='${SHELL} /cygdrive/d/my/cocos2d-x-2.1.4/cocos2d-x-2.1.4/samples/Lua/HelloLua/msgpack-0.5.5/ac/missing --run tar'
AR='ar'
AUTOCONF='${SHELL} /cygdrive/d/my/cocos2d-x-2.1.4/cocos2d-x-2.1.4/samples/Lua/HelloLua/msgpack-0.5.5/ac/missing --run autoconf'
AUTOHEADER='${SHELL} /cygdrive/d/my/cocos2d-x-2.1.4/cocos2d-x-2.1.4/samples/Lua/HelloLua/msgpack-0.5.5/ac/missing --run autoheader'
AUTOMAKE='${SHELL} /cygdrive/d/my/cocos2d-x-2.1.4/cocos2d-x-2.1.4/samples/Lua/HelloLua/msgpack-0.5.5/ac/missing --run automake-1.11'
AWK='gawk'
CC='gcc'
CCAS='gcc'
CCASDEPMODE='depmode=gcc3'
CCASFLAGS='-O4 -Wall '
CCDEPMODE='depmode=gcc3'
CFLAGS='-O4 -Wall  -g'
CPP='gcc -E'
CPPFLAGS=''
CXX='g++'
CXXCPP='g++ -E'
CXXDEPMODE='depmode=gcc3'
CXXFLAGS='-O4 -Wall  -g'
CYGPATH_W='cygpath -w'
DEFS='-DHAVE_CONFIG_H'
DEPDIR='.deps'
DLLTOOL='dlltool'
DSYMUTIL=''
DUMPBIN=''
ECHO_C=''
ECHO_N='-n'
ECHO_T=''
EGREP='/usr/bin/grep -E'
ENABLE_CXX_FALSE='#'
ENABLE_CXX_TRUE=''
EXEEXT='.exe'
FGREP='/usr/bin/grep -F'
GREP='/usr/bin/grep'
INSTALL_DATA='${INSTALL} -m 644'
INSTALL_PROGRAM='${INSTALL}'
INSTALL_SCRIPT='${INSTALL}'
INSTALL_STRIP_PROGRAM='$(install_sh) -c -s'
LD='/usr/i686-pc-cygwin/bin/ld.exe'
LDFLAGS=''
LIBOBJS=''
LIBS=''
LIBTOOL='$(SHELL) $(top_builddir)/libtool'
LIPO=''
LN_S='ln -s'
LTLIBOBJS=''
MAKEINFO='${SHELL} /cygdrive/d/my/cocos2d-x-2.1.4/cocos2d-x-2.1.4/samples/Lua/HelloLua/msgpack-0.5.5/ac/missing --run makeinfo'
MANIFEST_TOOL=':'
MKDIR_P='/usr/bin/mkdir -p'
NM='/usr/bin/nm -B'
NMEDIT=''
OBJDUMP='objdump'
OBJEXT='o'
OTOOL64=''
OTOOL=''
PACKAGE='msgpack'
PACKAGE_BUGREPORT=''
PACKAGE_NAME=''
PACKAGE_STRING=''
PACKAGE_TARNAME=''
PACKAGE_URL=''
PACKAGE_VERSION=''
PATH_SEPARATOR=':'
RANLIB='ranlib'
SED='/usr/bin/sed'
SET_MAKE=''
SHELL='/bin/sh'
STRIP='strip'
VERSION='0.5.5'
VERSION_MAJOR='0'
VERSION_MINOR='5'
ac_ct_AR='ar'
ac_ct_CC='gcc'
ac_ct_CXX='g++'
ac_ct_DUMPBIN=''
am__EXEEXT_FALSE='#'
am__EXEEXT_TRUE=''
am__fastdepCCAS_FALSE='#'
am__fastdepCCAS_TRUE=''
am__fastdepCC_FALSE='#'
am__fastdepCC_TRUE=''
am__fastdepCXX_FALSE='#'
am__fastdepCXX_TRUE=''
am__include='include'
am__isrc=''
am__leading_dot='.'
am__quote=''
am__tar='${AMTAR} chof - "$$tardir"'
am__untar='${AMTAR} xf -'
bindir='${exec_prefix}/bin'
build='i686-pc-cygwin'
build_alias=''
build_cpu='i686'
build_os='cygwin'
build_vendor='pc'
datadir='${datarootdir}'
datarootdir='${prefix}/share'
docdir='${datarootdir}/doc/${PACKAGE}'
dvidir='${docdir}'
exec_prefix='${prefix}'
host='i686-pc-cygwin'
host_alias=''
host_cpu='i686'
host_os='cygwin'
host_vendor='pc'
htmldir='${docdir}'
includedir='${prefix}/include'
infodir='${datarootdir}/info'
install_sh='${SHELL} /cygdrive/d/my/cocos2d-x-2.1.4/cocos2d-x-2.1.4/samples/Lua/HelloLua/msgpack-0.5.5/ac/install-sh'
libdir='${exec_prefix}/lib'
libexecdir='${exec_prefix}/libexec'
localedir='${datarootdir}/locale'
localstatedir='${prefix}/var'
mandir='${datarootdir}/man'
mkdir_p='/usr/bin/mkdir -p'
oldincludedir='/usr/include'
pdfdir='${docdir}'
prefix='/usr/local'
program_transform_name='s,x,x,'
psdir='${docdir}'
sbindir='${exec_prefix}/sbin'
sharedstatedir='${prefix}/com'
sysconfdir='${prefix}/etc'
target_alias=''

## ----------- ##
## confdefs.h. ##
## ----------- ##

/* confdefs.h */
#define PACKAGE_NAME ""
#define PACKAGE_TARNAME ""
#define PACKAGE_VERSION ""
#define PACKAGE_STRING ""
#define PACKAGE_BUGREPORT ""
#define PACKAGE_URL ""
#define PACKAGE "msgpack"
#define VERSION "0.5.5"
#define STDC_HEADERS 1
#define HAVE_SYS_TYPES_H 1
#define HAVE_SYS_STAT_H 1
#define HAVE_STDLIB_H 1
#define HAVE_STRING_H 1
#define HAVE_MEMORY_H 1
#define HAVE_STRINGS_H 1
#define HAVE_INTTYPES_H 1
#define HAVE_STDINT_H 1
#define HAVE_UNISTD_H 1
#define HAVE_DLFCN_H 1
#define LT_OBJDIR ".libs/"

configure: exit 0
